Flow report for mux21a2425
Wed Sep 04 14:39:44 2024
Quartus Prime Version 17.1.0 Build 590 10/25/2017 SJ Lite Edition


---------------------
; Table of Contents ;
---------------------
  1. Legal Notice
  2. Flow Summary
  3. Flow Settings
  4. Flow Non-Default Global Settings
  5. Flow Elapsed Time
  6. Flow OS Summary
  7. Flow Log
  8. Flow Messages
  9. Flow Suppressed Messages



----------------
; Legal Notice ;
----------------
Copyright (C) 2017  Intel Corporation. All rights reserved.
Your use of Intel Corporation's design tools, logic functions 
and other software and tools, and its AMPP partner logic 
functions, and any output files from any of the foregoing 
(including device programming or simulation files), and any 
associated documentation or information are expressly subject 
to the terms and conditions of the Intel Program License 
Subscription Agreement, the Intel Quartus Prime License Agreement,
the Intel FPGA IP License Agreement, or other applicable license
agreement, including, without limitation, that your use is for
the sole purpose of programming logic devices manufactured by
Intel and sold by Intel or its authorized distributors.  Please
refer to the applicable agreement for further details.



+----------------------------------------------------------------------------------+
; Flow Summary                                                                     ;
+------------------------------------+---------------------------------------------+
; Flow Status                        ; Successful - Wed Sep 04 14:39:44 2024       ;
; Quartus Prime Version              ; 17.1.0 Build 590 10/25/2017 SJ Lite Edition ;
; Revision Name                      ; mux21a2425                                  ;
; Top-level Entity Name              ; mux21a2425                                  ;
; Family                             ; Cyclone IV E                                ;
; Device                             ; EP4CE55F23C8                                ;
; Timing Models                      ; Final                                       ;
; Total logic elements               ; 1 / 55,856 ( < 1 % )                        ;
;     Total combinational functions  ; 1 / 55,856 ( < 1 % )                        ;
;     Dedicated logic registers      ; 0 / 55,856 ( 0 % )                          ;
; Total registers                    ; 0                                           ;
; Total pins                         ; 4 / 325 ( 1 % )                             ;
; Total virtual pins                 ; 0                                           ;
; Total memory bits                  ; 0 / 2,396,160 ( 0 % )                       ;
; Embedded Multiplier 9-bit elements ; 0 / 308 ( 0 % )                             ;
; Total PLLs                         ; 0 / 4 ( 0 % )                               ;
+------------------------------------+---------------------------------------------+


+-----------------------------------------+
; Flow Settings                           ;
+-------------------+---------------------+
; Option            ; Setting             ;
+-------------------+---------------------+
; Start date & time ; 09/04/2024 14:23:23 ;
; Main task         ; Compilation         ;
; Revision Name     ; mux21a2425          ;
+-------------------+---------------------+


+-------------------------------------------------------------------------------------------------------------------------+
; Flow Non-Default Global Settings                                                                                        ;
+-------------------------------------+----------------------------------------+---------------+-------------+------------+
; Assignment Name                     ; Value                                  ; Default Value ; Entity Name ; Section Id ;
+-------------------------------------+----------------------------------------+---------------+-------------+------------+
; COMPILER_SIGNATURE_ID               ; 963967148079.172543100306784           ; --            ; --          ; --         ;
; MAX_CORE_JUNCTION_TEMP              ; 85                                     ; --            ; --          ; --         ;
; MIN_CORE_JUNCTION_TEMP              ; 0                                      ; --            ; --          ; --         ;
; PARTITION_COLOR                     ; -- (Not supported for targeted family) ; --            ; --          ; Top        ;
; PARTITION_FITTER_PRESERVATION_LEVEL ; -- (Not supported for targeted family) ; --            ; --          ; Top        ;
; PARTITION_NETLIST_TYPE              ; -- (Not supported for targeted family) ; --            ; --          ; Top        ;
; PROJECT_OUTPUT_DIRECTORY            ; output_files                           ; --            ; --          ; --         ;
+-------------------------------------+----------------------------------------+---------------+-------------+------------+


+-------------------------------------------------------------------------------------------------------------------------------+
; Flow Elapsed Time                                                                                                             ;
+---------------------------+--------------+-------------------------+---------------------+------------------------------------+
; Module Name               ; Elapsed Time ; Average Processors Used ; Peak Virtual Memory ; Total CPU Time (on all processors) ;
+---------------------------+--------------+-------------------------+---------------------+------------------------------------+
; Analysis & Synthesis      ; 00:00:08     ; 1.0                     ; 4797 MB             ; 00:00:16                           ;
; Fitter                    ; 00:00:05     ; 1.0                     ; 5699 MB             ; 00:00:06                           ;
; Assembler                 ; 00:00:02     ; 1.0                     ; 4674 MB             ; 00:00:01                           ;
; TimeQuest Timing Analyzer ; 00:00:01     ; 1.0                     ; 4812 MB             ; 00:00:01                           ;
; EDA Netlist Writer        ; 00:00:00     ; 1.0                     ; 4626 MB             ; 00:00:00                           ;
; EDA Netlist Writer        ; 00:00:01     ; 1.0                     ; 4634 MB             ; 00:00:00                           ;
; EDA Netlist Writer        ; 00:00:00     ; 1.0                     ; 4626 MB             ; 00:00:00                           ;
; EDA Netlist Writer        ; 00:00:00     ; 1.0                     ; 4634 MB             ; 00:00:00                           ;
; EDA Netlist Writer        ; 00:00:00     ; 1.0                     ; 4626 MB             ; 00:00:00                           ;
; EDA Netlist Writer        ; 00:00:01     ; 1.0                     ; 4634 MB             ; 00:00:00                           ;
; Total                     ; 00:00:18     ; --                      ; --                  ; 00:00:24                           ;
+---------------------------+--------------+-------------------------+---------------------+------------------------------------+


+-----------------------------------------------------------------------------------------+
; Flow OS Summary                                                                         ;
+---------------------------+------------------+------------+------------+----------------+
; Module Name               ; Machine Hostname ; OS Name    ; OS Version ; Processor type ;
+---------------------------+------------------+------------+------------+----------------+
; Analysis & Synthesis      ; 39               ; Windows 10 ; 10.0       ; x86_64         ;
; Fitter                    ; 39               ; Windows 10 ; 10.0       ; x86_64         ;
; Assembler                 ; 39               ; Windows 10 ; 10.0       ; x86_64         ;
; TimeQuest Timing Analyzer ; 39               ; Windows 10 ; 10.0       ; x86_64         ;
; EDA Netlist Writer        ; 39               ; Windows 10 ; 10.0       ; x86_64         ;
; EDA Netlist Writer        ; 39               ; Windows 10 ; 10.0       ; x86_64         ;
; EDA Netlist Writer        ; 39               ; Windows 10 ; 10.0       ; x86_64         ;
; EDA Netlist Writer        ; 39               ; Windows 10 ; 10.0       ; x86_64         ;
; EDA Netlist Writer        ; 39               ; Windows 10 ; 10.0       ; x86_64         ;
; EDA Netlist Writer        ; 39               ; Windows 10 ; 10.0       ; x86_64         ;
+---------------------------+------------------+------------+------------+----------------+


------------
; Flow Log ;
------------
quartus_map --read_settings_files=on --write_settings_files=off mux21a2425 -c mux21a2425
quartus_fit --read_settings_files=off --write_settings_files=off mux21a2425 -c mux21a2425
quartus_asm --read_settings_files=off --write_settings_files=off mux21a2425 -c mux21a2425
quartus_sta mux21a2425 -c mux21a2425
quartus_eda --gen_testbench --tool=modelsim_oem --format=vhdl --write_settings_files=off mux21a2425 -c mux21a2425 --vector_source=D:/9.4/Waveform.vwf --testbench_file=D:/9.4/simulation/qsim/Waveform.vwf.vht
quartus_eda --write_settings_files=off --simulation=on --functional=on --flatten_buses=off --tool=modelsim_oem --format=vhdl --output_directory=D:/9.4/simulation/qsim/ mux21a2425 -c mux21a2425
quartus_eda --gen_testbench --tool=modelsim_oem --format=vhdl --write_settings_files=off mux21a2425 -c mux21a2425 --vector_source=D:/9.4/Waveform.vwf --testbench_file=D:/9.4/simulation/qsim/Waveform.vwf.vht
quartus_eda --write_settings_files=off --simulation=on --functional=on --flatten_buses=off --tool=modelsim_oem --format=vhdl --output_directory=D:/9.4/simulation/qsim/ mux21a2425 -c mux21a2425
quartus_eda --gen_testbench --tool=modelsim_oem --format=vhdl --write_settings_files=off mux21a2425 -c mux21a2425 --vector_source=D:/9.4/Waveform.vwf --testbench_file=D:/9.4/simulation/qsim/Waveform.vwf.vht
quartus_eda --write_settings_files=off --simulation=on --functional=on --flatten_buses=off --tool=modelsim_oem --format=vhdl --output_directory=D:/9.4/simulation/qsim/ mux21a2425 -c mux21a2425



